<?xml version="1.0" encoding="UTF-8"?>
<!-- Generated by org.testng.reporters.JUnitReportReporter -->
<testsuite hostname="DeeshaST123" failures="0" tests="1" name="com.qa.tests.LoginPageTest" time="36.850" errors="0" timestamp="2023-02-24T15:32:44 IST" skipped="0">
  <testcase classname="com.qa.tests.LoginPageTest" name="loginPageTest" time="36.850"/>
  <system-out/>
</testsuite> <!-- com.qa.tests.LoginPageTest -->
