<?xml version="1.0" encoding="UTF-8"?>
<!-- Generated by org.testng.reporters.JUnitReportReporter -->
<testsuite skipped="0" hostname="DeeshaST123" name="com.qa.tests.TestNGGroups" tests="3" failures="0" timestamp="2022-11-10T10:46:17 IST" time="0.088" errors="0">
  <testcase name="test3" time="0.004" classname="com.qa.tests.TestNGGroups"/>
  <system-out/>
  <testcase name="test1" time="0.080" classname="com.qa.tests.TestNGGroups"/>
  <system-out/>
  <testcase name="test2" time="0.004" classname="com.qa.tests.TestNGGroups"/>
  <system-out/>
</testsuite> <!-- com.qa.tests.TestNGGroups -->
