<?xml version="1.0" encoding="UTF-8"?>
<!-- Generated by org.testng.reporters.JUnitReportReporter -->
<testsuite hostname="DeeshaST123" failures="0" tests="1" name="com.qa.tests.DocumentPageTest" time="34.509" errors="0" timestamp="2023-02-28T12:02:41 IST" skipped="0">
  <testcase classname="com.qa.tests.DocumentPageTest" name="documentPageTest" time="34.509"/>
  <system-out/>
</testsuite> <!-- com.qa.tests.DocumentPageTest -->
