<?xml version="1.0" encoding="UTF-8"?>
<!-- Generated by org.testng.reporters.JUnitReportReporter -->
<testsuite hostname="DeeshaST123" failures="0" tests="1" name="com.qa.tests.CompaniesPageTest" time="21.586" errors="0" timestamp="2023-02-28T10:36:06 IST" skipped="0">
  <testcase classname="com.qa.tests.CompaniesPageTest" name="companyPageTest" time="21.586"/>
  <system-out/>
</testsuite> <!-- com.qa.tests.CompaniesPageTest -->
