<?xml version="1.0" encoding="UTF-8"?>
<!-- Generated by org.testng.reporters.JUnitReportReporter -->
<testsuite hostname="DeeshaST123" failures="0" tests="6" name="com.qa.tests.CogmentoPageTest" time="207.422" errors="0" timestamp="2023-01-11T12:02:17 IST" skipped="0">
  <testcase classname="com.qa.tests.CogmentoPageTest" name="loginPageTest" time="16.018"/>
  <system-out/>
  <testcase classname="com.qa.tests.CogmentoPageTest" name="calendarPageTest" time="31.572"/>
  <system-out/>
  <testcase classname="com.qa.tests.CogmentoPageTest" name="companyPageTest" time="28.346"/>
  <system-out/>
  <testcase classname="com.qa.tests.CogmentoPageTest" name="contactPageTest" time="53.076"/>
  <system-out/>
  <testcase classname="com.qa.tests.CogmentoPageTest" name="documentPageTest" time="18.482"/>
  <system-out/>
  <testcase classname="com.qa.tests.CogmentoPageTest" name="taskPageTest" time="59.928"/>
  <system-out/>
</testsuite> <!-- com.qa.tests.CogmentoPageTest -->
