<?xml version="1.0" encoding="UTF-8"?>
<!-- Generated by org.testng.reporters.JUnitReportReporter -->
<testsuite hostname="DeeshaST123" failures="0" tests="1" name="com.qa.tests.LogoutPageTest" time="30.030" errors="0" timestamp="2023-01-10T11:14:33 IST" skipped="0">
  <testcase classname="com.qa.tests.LogoutPageTest" name="logOutPageTest" time="30.030"/>
  <system-out/>
</testsuite> <!-- com.qa.tests.LogoutPageTest -->
