<?xml version="1.0" encoding="UTF-8"?>
<!-- Generated by org.testng.reporters.JUnitReportReporter -->
<testsuite hostname="DeeshaST123" failures="0" tests="1" name="com.qa.tests.CalendarPageTest" time="40.027" errors="0" timestamp="2023-02-22T12:40:33 IST" skipped="0">
  <testcase classname="com.qa.tests.CalendarPageTest" name="calendarPageTest" time="40.027"/>
  <system-out/>
</testsuite> <!-- com.qa.tests.CalendarPageTest -->
