<?xml version="1.0" encoding="UTF-8"?>
<!-- Generated by org.testng.reporters.JUnitReportReporter -->
<testsuite hostname="DeeshaST123" failures="0" tests="1" name="com.qa.tests.ContactPageTest" time="22.701" errors="0" timestamp="2023-02-27T11:24:23 IST" skipped="0">
  <testcase classname="com.qa.tests.ContactPageTest" name="contactPageTest" time="22.701"/>
  <system-out/>
</testsuite> <!-- com.qa.tests.ContactPageTest -->
