<?xml version="1.0" encoding="UTF-8"?>
<!-- Generated by org.testng.reporters.JUnitReportReporter -->
<testsuite hostname="DeeshaST123" failures="0" tests="1" name="com.qa.tests.SignupTest" time="20.866" errors="0" timestamp="2023-01-10T11:17:07 IST" skipped="0">
  <testcase classname="com.qa.tests.SignupTest" name="dosignup" time="20.866"/>
  <system-out/>
</testsuite> <!-- com.qa.tests.SignupTest -->
