<?xml version="1.0" encoding="UTF-8"?>
<!-- Generated by org.testng.reporters.JUnitReportReporter -->
<testsuite hostname="DeeshaST123" failures="0" tests="1" name="com.qa.tests.ForgotPasswordPageTest" time="4.096" errors="0" timestamp="2023-02-22T12:40:33 IST" skipped="0">
  <testcase classname="com.qa.tests.ForgotPasswordPageTest" name="forgetPasswordTest" time="4.096"/>
  <system-out/>
</testsuite> <!-- com.qa.tests.ForgotPasswordPageTest -->
